TN:
SF:src/use-cases/create-task-use-case.ts
FN:16,execute
FN:12,CreateTaskUseCase
FNF:2
FNH:2
FNDA:3,execute
FNDA:1,CreateTaskUseCase
DA:1,1
DA:2,1
DA:3,1
DA:4,1
DA:5,1
DA:6,1
DA:7,1
DA:8,1
DA:9,1
DA:10,1
DA:11,1
DA:12,1
DA:13,1
DA:14,1
DA:15,1
DA:16,1
DA:17,3
DA:18,3
DA:19,3
DA:20,3
DA:21,3
DA:22,3
DA:23,3
DA:24,3
DA:25,1
DA:26,1
DA:27,3
DA:28,1
DA:29,1
DA:30,1
DA:31,1
DA:32,1
DA:33,1
DA:34,1
DA:35,1
DA:36,1
DA:37,1
DA:38,1
DA:39,1
LF:39
LH:39
BRDA:16,0,0,3
BRDA:24,1,0,1
BRDA:27,2,0,2
BRDA:27,3,0,1
BRDA:12,4,0,1
BRF:5
BRH:5
end_of_record
TN:
SF:src/use-cases/delete-task-use-case.ts
FN:12,execute
FN:9,DeleteTaskUseCase
FNF:2
FNH:2
FNDA:1,execute
FNDA:1,DeleteTaskUseCase
DA:1,1
DA:2,1
DA:3,1
DA:4,1
DA:5,1
DA:6,1
DA:7,1
DA:8,1
DA:9,1
DA:10,1
DA:11,1
DA:12,1
DA:13,1
DA:14,1
DA:15,1
DA:16,1
DA:17,1
DA:18,1
LF:18
LH:18
BRDA:12,0,0,1
BRDA:9,1,0,1
BRF:2
BRH:2
end_of_record
